This file contains any messages produced by compilers while
running configure, to aid debugging if configure makes a mistake.

It was created by configure, which was
generated by GNU Autoconf 2.69.  Invocation command line was

  $ ./configure --disable-mcs51-port --disable-avr-port --disable-ds390-port --disable-pic-port --disable-i186-port --disable-tlcs900h-port --disable-ucsim --disable-device-lib-build --disable-packihx --prefix=/opt/gbdk --program-suffix= --host=ppc-unknown-linux2.2 --cache-file=../.././config.cache --srcdir=.

## --------- ##
## Platform. ##
## --------- ##

hostname = UKLDN-C02W813LHTD9.local
uname -m = x86_64
uname -r = 19.0.0
uname -s = Darwin
uname -v = Darwin Kernel Version 19.0.0: Wed Sep 25 20:18:50 PDT 2019; root:xnu-6153.11.26~2/RELEASE_X86_64

/usr/bin/uname -p = i386
/bin/uname -X     = unknown

/bin/arch              = unknown
/usr/bin/arch -k       = unknown
/usr/convex/getsysinfo = unknown
/usr/bin/hostinfo      = Mach kernel version:
	 Darwin Kernel Version 19.0.0: Wed Sep 25 20:18:50 PDT 2019; root:xnu-6153.11.26~2/RELEASE_X86_64
Kernel configured for up to 8 processors.
4 processors are physically available.
8 processors are logically available.
Processor type: x86_64h (Intel x86-64h Haswell)
Processors active: 0 1 2 3 4 5 6 7
Primary memory available: 16.00 gigabytes
Default processor set: 539 tasks, 3141 threads, 8 processors
Load average: 3.96, Mach factor: 4.03
/bin/machine           = unknown
/usr/bin/oslevel       = unknown
/bin/universe          = unknown

PATH: /Users/cmaltby/.nvm/versions/node/v10.15.0/bin
PATH: /Users/cmaltby/bin
PATH: /Users/cmaltby/.composer/vendor/bin
PATH: /Users/cmaltby/.ebcli-virtual-env/executables
PATH: /Users/cmaltby/Library/Python/3.6/bin
PATH: /opt/mod2gbt
PATH: /opt/gbdk/bin
PATH: /opt/emsdk/emscripten/1.38.6/
PATH: /usr/local/opt/go/libexec/bin
PATH: /Applications/Wine Stable.app/Contents/Resources/wine/bin
PATH: /usr/local/bin
PATH: /usr/bin
PATH: /bin
PATH: /usr/sbin
PATH: /sbin
PATH: /Library/Apple/usr/bin
PATH: /opt/X11/bin
PATH: /opt/puppetlabs/pdk/bin
PATH: /usr/local/share/dotnet
PATH: /Library/Frameworks/Mono.framework/Versions/Current/Commands
PATH: /usr/local/munki


## ----------- ##
## Core tests. ##
## ----------- ##

configure:2139: loading cache ../.././config.cache
configure:2360: checking for ppc-unknown-linux2.2-gcc
configure:2387: result: emcc
configure:2656: checking for C compiler version
configure:2665: emcc --version >&5
emcc (Emscripten gcc/clang-like replacement) 1.38.6 (commit b6dbf740a657a96da804db705b2bba5d4844e52c)
Copyright (C) 2014 the Emscripten authors (see AUTHORS.txt)
This is free and open source software under the MIT license.
There is NO warranty; not even for MERCHANTABILITY or FITNESS FOR A PARTICULAR PURPOSE.
  
configure:2676: $? = 0
configure:2665: emcc -v >&5
emcc (Emscripten gcc/clang-like replacement + linker emulating GNU ld) 1.38.6
clang version 6.0.1  (emscripten 1.38.6 : 1.38.6)
Target: x86_64-apple-darwin19.0.0
Thread model: posix
InstalledDir: /opt/emsdk/clang/e1.38.6_64bit
INFO:root:(Emscripten: Running sanity checks)
configure:2676: $? = 0
configure:2665: emcc -V >&5
ERROR:root:no input files
note that input files without a known suffix are ignored, make sure your input files end with one of: ('.c', '.C', '.i', '.cpp', '.cxx', '.cc', '.c++', '.CPP', '.CXX', '.CC', '.C++', '.ii', '.m', '.mi', '.mm', '.mii', '/dev/null', '.bc', '.o', '.obj', '.lo', '.dylib', '.so', '.a', '.ll', '.h', '.hxx', '.hpp', '.hh', '.H', '.HXX', '.HPP', '.HH')
configure:2676: $? = 1
configure:2665: emcc -qversion >&5
ERROR:root:no input files
note that input files without a known suffix are ignored, make sure your input files end with one of: ('.c', '.C', '.i', '.cpp', '.cxx', '.cc', '.c++', '.CPP', '.CXX', '.CC', '.C++', '.ii', '.m', '.mi', '.mm', '.mii', '/dev/null', '.bc', '.o', '.obj', '.lo', '.dylib', '.so', '.a', '.ll', '.h', '.hxx', '.hpp', '.hh', '.H', '.HXX', '.HPP', '.HH')
configure:2676: $? = 1
configure:2696: checking whether the C compiler works
configure:2718: emcc    conftest.c  >&5
configure:2722: $? = 0
configure:2770: result: yes
configure:2773: checking for C compiler default output file name
configure:2775: result: a.out
configure:2781: checking for suffix of executables
configure:2788: emcc -o conftest    conftest.c  >&5
configure:2792: $? = 0
configure:2814: result: 
configure:2836: checking whether we are cross compiling
configure:2844: emcc -o conftest    conftest.c  >&5
configure:2848: $? = 0
configure:2855: ./conftest
configure:2859: $? = 0
configure:2874: result: no
configure:2879: checking for suffix of object files
configure:2901: emcc -c   conftest.c >&5
configure:2905: $? = 0
configure:2926: result: o
configure:2930: checking whether we are using the GNU C compiler
configure:2949: emcc -c   conftest.c >&5
configure:2949: $? = 0
configure:2958: result: yes
configure:2967: checking whether emcc accepts -g
configure:3028: result: yes
configure:3045: checking for emcc option to accept ISO C89
configure:3108: emcc  -c -g -O2  conftest.c >&5
configure:3108: $? = 0
configure:3121: result: none needed
configure:3142: checking whether emcc and cc understand -c and -o together
configure:3173: emcc -c conftest.c -o conftest2.o >&5
configure:3177: $? = 0
configure:3183: emcc -c conftest.c -o conftest2.o >&5
configure:3187: $? = 0
configure:3198: cc -c conftest.c >&5
configure:3202: $? = 0
configure:3210: cc -c conftest.c -o conftest2.o >&5
configure:3214: $? = 0
configure:3220: cc -c conftest.c -o conftest2.o >&5
configure:3224: $? = 0
configure:3242: result: yes
configure:3266: checking how to run the C preprocessor
configure:3336: result: emcc -E
configure:3356: emcc -E  conftest.c
configure:3356: $? = 0
configure:3370: emcc -E  conftest.c
conftest.c:9:10: fatal error: 'ac_nonexistent.h' file not found
#include <ac_nonexistent.h>
         ^~~~~~~~~~~~~~~~~~
1 error generated.
configure:3370: $? = 1
configure: failed program was:
| /* confdefs.h */
| #define PACKAGE_NAME ""
| #define PACKAGE_TARNAME ""
| #define PACKAGE_VERSION ""
| #define PACKAGE_STRING ""
| #define PACKAGE_BUGREPORT ""
| #define PACKAGE_URL ""
| /* end confdefs.h.  */
| #include <ac_nonexistent.h>
configure:3399: checking for inline
configure:3415: emcc -c -g -O2  conftest.c >&5
configure:3415: $? = 0
configure:3423: result: inline
configure:3443: checking size of short
configure:3463: emcc -c -g -O2  conftest.c >&5
conftest.c:16:25: error: duplicate case value '0'
switch (0) case 0: case (sizeof (short) == 4):;
                        ^
conftest.c:16:17: note: previous case defined here
switch (0) case 0: case (sizeof (short) == 4):;
                ^
1 error generated.
ERROR:root:compiler frontend failed to generate LLVM bitcode, halting
configure:3463: $? = 1
configure: failed program was:
| /* confdefs.h */
| #define PACKAGE_NAME ""
| #define PACKAGE_TARNAME ""
| #define PACKAGE_VERSION ""
| #define PACKAGE_STRING ""
| #define PACKAGE_BUGREPORT ""
| #define PACKAGE_URL ""
| /* end confdefs.h.  */
| #include "confdefs.h"
| #include <sys/types.h>
| 
| 
| int
| main ()
| {
| switch (0) case 0: case (sizeof (short) == 4):;
|   ;
|   return 0;
| }
configure:3463: emcc -c -g -O2  conftest.c >&5
conftest.c:16:25: error: duplicate case value '0'
switch (0) case 0: case (sizeof (short) == 8):;
                        ^
conftest.c:16:17: note: previous case defined here
switch (0) case 0: case (sizeof (short) == 8):;
                ^
1 error generated.
ERROR:root:compiler frontend failed to generate LLVM bitcode, halting
configure:3463: $? = 1
configure: failed program was:
| /* confdefs.h */
| #define PACKAGE_NAME ""
| #define PACKAGE_TARNAME ""
| #define PACKAGE_VERSION ""
| #define PACKAGE_STRING ""
| #define PACKAGE_BUGREPORT ""
| #define PACKAGE_URL ""
| /* end confdefs.h.  */
| #include "confdefs.h"
| #include <sys/types.h>
| 
| 
| int
| main ()
| {
| switch (0) case 0: case (sizeof (short) == 8):;
|   ;
|   return 0;
| }
configure:3463: emcc -c -g -O2  conftest.c >&5
conftest.c:16:25: error: duplicate case value '0'
switch (0) case 0: case (sizeof (short) == 1):;
                        ^
conftest.c:16:17: note: previous case defined here
switch (0) case 0: case (sizeof (short) == 1):;
                ^
1 error generated.
ERROR:root:compiler frontend failed to generate LLVM bitcode, halting
configure:3463: $? = 1
configure: failed program was:
| /* confdefs.h */
| #define PACKAGE_NAME ""
| #define PACKAGE_TARNAME ""
| #define PACKAGE_VERSION ""
| #define PACKAGE_STRING ""
| #define PACKAGE_BUGREPORT ""
| #define PACKAGE_URL ""
| /* end confdefs.h.  */
| #include "confdefs.h"
| #include <sys/types.h>
| 
| 
| int
| main ()
| {
| switch (0) case 0: case (sizeof (short) == 1):;
|   ;
|   return 0;
| }
configure:3463: emcc -c -g -O2  conftest.c >&5
configure:3463: $? = 0
configure:3475: result: 2
configure:3483: checking size of int
configure:3503: emcc -c -g -O2  conftest.c >&5
configure:3503: $? = 0
configure:3515: result: 4
configure:3523: checking size of long
configure:3543: emcc -c -g -O2  conftest.c >&5
configure:3543: $? = 0
configure:3555: result: 4
configure:3565: checking for grep that handles long lines and -e
configure:3623: result: /usr/bin/grep
configure:3628: checking for egrep
configure:3690: result: /usr/bin/grep -E
configure:3695: checking execution character set
configure:3732: result: ASCII
configure:3751: checking whether make sets $(MAKE)
configure:3773: result: yes
configure:3783: checking whether a default assembler was specified
configure:3794: result: no
configure:3798: checking whether a default linker was specified
configure:3809: result: no
configure:3813: checking for GNU C library
configure:3832: emcc -c -g -O2  conftest.c >&5
conftest.c:18:2: error: Not a GNU C library system
#error Not a GNU C library system
 ^
1 error generated.
ERROR:root:compiler frontend failed to generate LLVM bitcode, halting
configure:3832: $? = 1
configure: failed program was:
| /* confdefs.h */
| #define PACKAGE_NAME ""
| #define PACKAGE_TARNAME ""
| #define PACKAGE_VERSION ""
| #define PACKAGE_STRING ""
| #define PACKAGE_BUGREPORT ""
| #define PACKAGE_URL ""
| #define SIZEOF_SHORT 2
| #define SIZEOF_INT 4
| #define SIZEOF_LONG 4
| /* end confdefs.h.  */
| #include <features.h>
| int
| main ()
| {
| 
| #if ! (defined __GLIBC__ || defined __GNU_LIBRARY__)
| #error Not a GNU C library system
| #endif
|   ;
|   return 0;
| }
configure:3840: result: no
configure:3849: checking whether ln works
configure:3872: result: yes
configure:3884: checking whether ln -s works
configure:3907: result: yes
configure:3922: checking for ppc-unknown-linux2.2-ranlib
configure:3949: result: ranlib
configure:4050: checking for a BSD compatible install
configure:4092: result: /usr/bin/install -c
configure:4102: checking for ANSI C header files
configure:4206: result: no
configure:4214: checking whether time.h and sys/time.h may both be included
configure:4234: emcc -c -g -O2  conftest.c >&5
configure:4234: $? = 0
configure:4241: result: yes
configure:4249: checking whether string.h and strings.h may both be included
configure:4266: emcc -c -g -O2  conftest.c >&5
configure:4266: $? = 0
configure:4273: result: yes
configure:4281: checking for sys/wait.h that is POSIX.1 compatible
configure:4307: emcc -c -g -O2  conftest.c >&5
configure:4307: $? = 0
configure:4314: result: yes
configure:4327: checking for sys/types.h
configure:4327: emcc -c -g -O2  conftest.c >&5
configure:4327: $? = 0
configure:4327: result: yes
configure:4327: checking for sys/stat.h
configure:4327: emcc -c -g -O2  conftest.c >&5
configure:4327: $? = 0
configure:4327: result: yes
configure:4327: checking for stdlib.h
configure:4327: emcc -c -g -O2  conftest.c >&5
configure:4327: $? = 0
configure:4327: result: yes
configure:4327: checking for string.h
configure:4327: emcc -c -g -O2  conftest.c >&5
configure:4327: $? = 0
configure:4327: result: yes
configure:4327: checking for memory.h
configure:4327: emcc -c -g -O2  conftest.c >&5
configure:4327: $? = 0
configure:4327: result: yes
configure:4327: checking for strings.h
configure:4327: emcc -c -g -O2  conftest.c >&5
configure:4327: $? = 0
configure:4327: result: yes
configure:4327: checking for inttypes.h
configure:4327: emcc -c -g -O2  conftest.c >&5
configure:4327: $? = 0
configure:4327: result: yes
configure:4327: checking for stdint.h
configure:4327: emcc -c -g -O2  conftest.c >&5
configure:4327: $? = 0
configure:4327: result: yes
configure:4327: checking for unistd.h
configure:4327: result: yes
configure:4345: checking limits.h usability
configure:4345: emcc -c -g -O2  conftest.c >&5
configure:4345: $? = 0
configure:4345: result: yes
configure:4345: checking limits.h presence
configure:4345: emcc -E  conftest.c
configure:4345: $? = 0
configure:4345: result: yes
configure:4345: checking for limits.h
configure:4345: result: yes
configure:4345: checking stddef.h usability
configure:4345: emcc -c -g -O2  conftest.c >&5
configure:4345: $? = 0
configure:4345: result: yes
configure:4345: checking stddef.h presence
configure:4345: emcc -E  conftest.c
configure:4345: $? = 0
configure:4345: result: yes
configure:4345: checking for stddef.h
configure:4345: result: yes
configure:4345: checking for string.h
configure:4345: result: yes
configure:4345: checking for strings.h
configure:4345: result: yes
configure:4345: checking for stdlib.h
configure:4345: result: yes
configure:4345: checking time.h usability
configure:4345: emcc -c -g -O2  conftest.c >&5
configure:4345: $? = 0
configure:4345: result: yes
configure:4345: checking time.h presence
configure:4345: emcc -E  conftest.c
configure:4345: $? = 0
configure:4345: result: yes
configure:4345: checking for time.h
configure:4345: result: yes
configure:4345: checking fcntl.h usability
configure:4345: emcc -c -g -O2  conftest.c >&5
configure:4345: $? = 0
configure:4345: result: yes
configure:4345: checking fcntl.h presence
configure:4345: emcc -E  conftest.c
configure:4345: $? = 0
configure:4345: result: yes
configure:4345: checking for fcntl.h
configure:4345: result: yes
configure:4345: checking for unistd.h
configure:4345: result: yes
configure:4345: checking sys/file.h usability
configure:4345: emcc -c -g -O2  conftest.c >&5
configure:4345: $? = 0
configure:4345: result: yes
configure:4345: checking sys/file.h presence
configure:4345: emcc -E  conftest.c
configure:4345: $? = 0
configure:4345: result: yes
configure:4345: checking for sys/file.h
configure:4345: result: yes
configure:4345: checking sys/time.h usability
configure:4345: emcc -c -g -O2  conftest.c >&5
configure:4345: $? = 0
configure:4345: result: yes
configure:4345: checking sys/time.h presence
configure:4345: emcc -E  conftest.c
configure:4345: $? = 0
configure:4345: result: yes
configure:4345: checking for sys/time.h
configure:4345: result: yes
configure:4345: checking sys/resource.h usability
configure:4345: emcc -c -g -O2  conftest.c >&5
configure:4345: $? = 0
configure:4345: result: yes
configure:4345: checking sys/resource.h presence
configure:4345: emcc -E  conftest.c
configure:4345: $? = 0
configure:4345: result: yes
configure:4345: checking for sys/resource.h
configure:4345: result: yes
configure:4345: checking sys/param.h usability
configure:4345: emcc -c -g -O2  conftest.c >&5
configure:4345: $? = 0
configure:4345: result: yes
configure:4345: checking sys/param.h presence
configure:4345: emcc -E  conftest.c
configure:4345: $? = 0
configure:4345: result: yes
configure:4345: checking for sys/param.h
configure:4345: result: yes
configure:4345: checking sys/times.h usability
configure:4345: emcc -c -g -O2  conftest.c >&5
configure:4345: $? = 0
configure:4345: result: yes
configure:4345: checking sys/times.h presence
configure:4345: emcc -E  conftest.c
configure:4345: $? = 0
configure:4345: result: yes
configure:4345: checking for sys/times.h
configure:4345: result: yes
configure:4345: checking for sys/stat.h
configure:4345: result: yes
configure:4345: checking direct.h usability
configure:4345: emcc -c -g -O2  conftest.c >&5
conftest.c:71:10: fatal error: 'direct.h' file not found
#include <direct.h>
         ^~~~~~~~~~
1 error generated.
ERROR:root:compiler frontend failed to generate LLVM bitcode, halting
configure:4345: $? = 1
configure: failed program was:
| /* confdefs.h */
| #define PACKAGE_NAME ""
| #define PACKAGE_TARNAME ""
| #define PACKAGE_VERSION ""
| #define PACKAGE_STRING ""
| #define PACKAGE_BUGREPORT ""
| #define PACKAGE_URL ""
| #define SIZEOF_SHORT 2
| #define SIZEOF_INT 4
| #define SIZEOF_LONG 4
| #define TIME_WITH_SYS_TIME 1
| #define STRING_WITH_STRINGS 1
| #define HAVE_SYS_WAIT_H 1
| #define HAVE_SYS_TYPES_H 1
| #define HAVE_SYS_STAT_H 1
| #define HAVE_STDLIB_H 1
| #define HAVE_STRING_H 1
| #define HAVE_MEMORY_H 1
| #define HAVE_STRINGS_H 1
| #define HAVE_INTTYPES_H 1
| #define HAVE_STDINT_H 1
| #define HAVE_UNISTD_H 1
| #define HAVE_LIMITS_H 1
| #define HAVE_STDDEF_H 1
| #define HAVE_STRING_H 1
| #define HAVE_STRINGS_H 1
| #define HAVE_STDLIB_H 1
| #define HAVE_TIME_H 1
| #define HAVE_FCNTL_H 1
| #define HAVE_UNISTD_H 1
| #define HAVE_SYS_FILE_H 1
| #define HAVE_SYS_TIME_H 1
| #define HAVE_SYS_RESOURCE_H 1
| #define HAVE_SYS_PARAM_H 1
| #define HAVE_SYS_TIMES_H 1
| #define HAVE_SYS_STAT_H 1
| /* end confdefs.h.  */
| #include <stdio.h>
| #ifdef HAVE_SYS_TYPES_H
| # include <sys/types.h>
| #endif
| #ifdef HAVE_SYS_STAT_H
| # include <sys/stat.h>
| #endif
| #ifdef STDC_HEADERS
| # include <stdlib.h>
| # include <stddef.h>
| #else
| # ifdef HAVE_STDLIB_H
| #  include <stdlib.h>
| # endif
| #endif
| #ifdef HAVE_STRING_H
| # if !defined STDC_HEADERS && defined HAVE_MEMORY_H
| #  include <memory.h>
| # endif
| # include <string.h>
| #endif
| #ifdef HAVE_STRINGS_H
| # include <strings.h>
| #endif
| #ifdef HAVE_INTTYPES_H
| # include <inttypes.h>
| #endif
| #ifdef HAVE_STDINT_H
| # include <stdint.h>
| #endif
| #ifdef HAVE_UNISTD_H
| # include <unistd.h>
| #endif
| #include <direct.h>
configure:4345: result: no
configure:4345: checking direct.h presence
configure:4345: emcc -E  conftest.c
conftest.c:38:10: fatal error: 'direct.h' file not found
#include <direct.h>
         ^~~~~~~~~~
1 error generated.
configure:4345: $? = 1
configure: failed program was:
| /* confdefs.h */
| #define PACKAGE_NAME ""
| #define PACKAGE_TARNAME ""
| #define PACKAGE_VERSION ""
| #define PACKAGE_STRING ""
| #define PACKAGE_BUGREPORT ""
| #define PACKAGE_URL ""
| #define SIZEOF_SHORT 2
| #define SIZEOF_INT 4
| #define SIZEOF_LONG 4
| #define TIME_WITH_SYS_TIME 1
| #define STRING_WITH_STRINGS 1
| #define HAVE_SYS_WAIT_H 1
| #define HAVE_SYS_TYPES_H 1
| #define HAVE_SYS_STAT_H 1
| #define HAVE_STDLIB_H 1
| #define HAVE_STRING_H 1
| #define HAVE_MEMORY_H 1
| #define HAVE_STRINGS_H 1
| #define HAVE_INTTYPES_H 1
| #define HAVE_STDINT_H 1
| #define HAVE_UNISTD_H 1
| #define HAVE_LIMITS_H 1
| #define HAVE_STDDEF_H 1
| #define HAVE_STRING_H 1
| #define HAVE_STRINGS_H 1
| #define HAVE_STDLIB_H 1
| #define HAVE_TIME_H 1
| #define HAVE_FCNTL_H 1
| #define HAVE_UNISTD_H 1
| #define HAVE_SYS_FILE_H 1
| #define HAVE_SYS_TIME_H 1
| #define HAVE_SYS_RESOURCE_H 1
| #define HAVE_SYS_PARAM_H 1
| #define HAVE_SYS_TIMES_H 1
| #define HAVE_SYS_STAT_H 1
| /* end confdefs.h.  */
| #include <direct.h>
configure:4345: result: no
configure:4345: checking for direct.h
configure:4345: result: no
configure:4345: checking for malloc.h
configure:4345: result: yes
configure:4345: checking langinfo.h usability
configure:4345: emcc -c -g -O2  conftest.c >&5
configure:4345: $? = 0
configure:4345: result: yes
configure:4345: checking langinfo.h presence
configure:4345: emcc -E  conftest.c
configure:4345: $? = 0
configure:4345: result: yes
configure:4345: checking for langinfo.h
configure:4345: result: yes
configure:4359: checking for CHAR_BIT
configure:4383: result: yes
configure:4429: checking byte ordering
configure:4463: emcc -c -g -O2  conftest.c >&5
configure:4466: $? = 0
configure:4494: result: little-endian
configure:4508: checking for mktemp
configure:4524: found /usr/bin/mktemp
configure:4536: result: yes
configure:4547: checking for strip
configure:4575: result: strip
configure:4586: checking for preprocessor stringizing operator
configure:4606: result: yes
configure:4617: checking for inttypes.h
configure:4634: emcc -c -g -O2  conftest.c >&5
configure:4634: $? = 0
configure:4642: result: yes
configure:4654: checking for times
configure:4654: emcc -o conftest -g -O2   conftest.c  >&5
configure:4654: $? = 0
configure:4654: result: yes
configure:4654: checking for clock
configure:4654: emcc -o conftest -g -O2   conftest.c  >&5
configure:4654: $? = 0
configure:4654: result: yes
configure:4654: checking for strchr
configure:4654: result: yes
configure:4654: checking for strrchr
configure:4654: emcc -o conftest -g -O2   conftest.c  >&5
conftest.c:68:6: warning: incompatible redeclaration of library function 'strrchr' [-Wincompatible-library-redeclaration]
char strrchr ();
     ^
conftest.c:68:6: note: 'strrchr' is a builtin with type 'char *(const char *, int)'
1 warning generated.
configure:4654: $? = 0
configure:4654: result: yes
configure:4654: checking for lstat
configure:4654: emcc -o conftest -g -O2   conftest.c  >&5
configure:4654: $? = 0
configure:4654: result: yes
configure:4664: checking for ssize_t
configure:4664: emcc -c -g -O2  conftest.c >&5
configure:4664: $? = 0
configure:4664: emcc -c -g -O2  conftest.c >&5
conftest.c:83:22: error: expected expression
if (sizeof ((ssize_t)))
                     ^
1 error generated.
ERROR:root:compiler frontend failed to generate LLVM bitcode, halting
configure:4664: $? = 1
configure: failed program was:
| /* confdefs.h */
| #define PACKAGE_NAME ""
| #define PACKAGE_TARNAME ""
| #define PACKAGE_VERSION ""
| #define PACKAGE_STRING ""
| #define PACKAGE_BUGREPORT ""
| #define PACKAGE_URL ""
| #define SIZEOF_SHORT 2
| #define SIZEOF_INT 4
| #define SIZEOF_LONG 4
| #define TIME_WITH_SYS_TIME 1
| #define STRING_WITH_STRINGS 1
| #define HAVE_SYS_WAIT_H 1
| #define HAVE_SYS_TYPES_H 1
| #define HAVE_SYS_STAT_H 1
| #define HAVE_STDLIB_H 1
| #define HAVE_STRING_H 1
| #define HAVE_MEMORY_H 1
| #define HAVE_STRINGS_H 1
| #define HAVE_INTTYPES_H 1
| #define HAVE_STDINT_H 1
| #define HAVE_UNISTD_H 1
| #define HAVE_LIMITS_H 1
| #define HAVE_STDDEF_H 1
| #define HAVE_STRING_H 1
| #define HAVE_STRINGS_H 1
| #define HAVE_STDLIB_H 1
| #define HAVE_TIME_H 1
| #define HAVE_FCNTL_H 1
| #define HAVE_UNISTD_H 1
| #define HAVE_SYS_FILE_H 1
| #define HAVE_SYS_TIME_H 1
| #define HAVE_SYS_RESOURCE_H 1
| #define HAVE_SYS_PARAM_H 1
| #define HAVE_SYS_TIMES_H 1
| #define HAVE_SYS_STAT_H 1
| #define HAVE_MALLOC_H 1
| #define HAVE_LANGINFO_H 1
| #define HAVE_STRINGIZE 1
| #define HAVE_INTTYPES_H 1
| #define HAVE_TIMES 1
| #define HAVE_CLOCK 1
| #define HAVE_STRCHR 1
| #define HAVE_STRRCHR 1
| #define HAVE_LSTAT 1
| /* end confdefs.h.  */
| #include <stdio.h>
| #ifdef HAVE_SYS_TYPES_H
| # include <sys/types.h>
| #endif
| #ifdef HAVE_SYS_STAT_H
| # include <sys/stat.h>
| #endif
| #ifdef STDC_HEADERS
| # include <stdlib.h>
| # include <stddef.h>
| #else
| # ifdef HAVE_STDLIB_H
| #  include <stdlib.h>
| # endif
| #endif
| #ifdef HAVE_STRING_H
| # if !defined STDC_HEADERS && defined HAVE_MEMORY_H
| #  include <memory.h>
| # endif
| # include <string.h>
| #endif
| #ifdef HAVE_STRINGS_H
| # include <strings.h>
| #endif
| #ifdef HAVE_INTTYPES_H
| # include <inttypes.h>
| #endif
| #ifdef HAVE_STDINT_H
| # include <stdint.h>
| #endif
| #ifdef HAVE_UNISTD_H
| # include <unistd.h>
| #endif
| int
| main ()
| {
| if (sizeof ((ssize_t)))
| 	    return 0;
|   ;
|   return 0;
| }
configure:4664: result: yes
configure:4678: checking for getpagesize
configure:4678: emcc -o conftest -g -O2   conftest.c  >&5
configure:4678: $? = 0
configure:4678: result: yes
configure:4933: checking for working mmap from /dev/zero
configure:4953: emcc -o conftest -g -O2   conftest.c  >&5
In file included from conftest.c:48:
./ct-mmap.inc:97:5: error: implicitly declaring library function 'exit' with type 'void (int) __attribute__((noreturn))' [-Werror,-Wimplicit-function-declaration]
    perror_exit("test 0 mmap", 2);
    ^
./ct-mmap.inc:59:21: note: expanded from macro 'perror_exit'
  do { perror(str); exit(val); } while (0)
                    ^
./ct-mmap.inc:97:5: note: include the header <stdlib.h> or explicitly provide a declaration for 'exit'
./ct-mmap.inc:59:21: note: expanded from macro 'perror_exit'
  do { perror(str); exit(val); } while (0)
                    ^
./ct-mmap.inc:228:8: error: implicit declaration of function 'getpagesize' is invalid in C99 [-Werror,-Wimplicit-function-declaration]
  pg = getpagesize ();
       ^
2 errors generated.
ERROR:root:compiler frontend failed to generate LLVM bitcode, halting
configure:4953: $? = 1
configure: program exited with status 1
configure: failed program was:
| /* confdefs.h */
| #define PACKAGE_NAME ""
| #define PACKAGE_TARNAME ""
| #define PACKAGE_VERSION ""
| #define PACKAGE_STRING ""
| #define PACKAGE_BUGREPORT ""
| #define PACKAGE_URL ""
| #define SIZEOF_SHORT 2
| #define SIZEOF_INT 4
| #define SIZEOF_LONG 4
| #define TIME_WITH_SYS_TIME 1
| #define STRING_WITH_STRINGS 1
| #define HAVE_SYS_WAIT_H 1
| #define HAVE_SYS_TYPES_H 1
| #define HAVE_SYS_STAT_H 1
| #define HAVE_STDLIB_H 1
| #define HAVE_STRING_H 1
| #define HAVE_MEMORY_H 1
| #define HAVE_STRINGS_H 1
| #define HAVE_INTTYPES_H 1
| #define HAVE_STDINT_H 1
| #define HAVE_UNISTD_H 1
| #define HAVE_LIMITS_H 1
| #define HAVE_STDDEF_H 1
| #define HAVE_STRING_H 1
| #define HAVE_STRINGS_H 1
| #define HAVE_STDLIB_H 1
| #define HAVE_TIME_H 1
| #define HAVE_FCNTL_H 1
| #define HAVE_UNISTD_H 1
| #define HAVE_SYS_FILE_H 1
| #define HAVE_SYS_TIME_H 1
| #define HAVE_SYS_RESOURCE_H 1
| #define HAVE_SYS_PARAM_H 1
| #define HAVE_SYS_TIMES_H 1
| #define HAVE_SYS_STAT_H 1
| #define HAVE_MALLOC_H 1
| #define HAVE_LANGINFO_H 1
| #define HAVE_STRINGIZE 1
| #define HAVE_INTTYPES_H 1
| #define HAVE_TIMES 1
| #define HAVE_CLOCK 1
| #define HAVE_STRCHR 1
| #define HAVE_STRRCHR 1
| #define HAVE_LSTAT 1
| #define HAVE_GETPAGESIZE 1
| /* end confdefs.h.  */
| #include "ct-mmap.inc"
configure:4967: result: no
configure:4975: checking for working mmap with MAP_ANON(YMOUS)
configure:4990: emcc -o conftest -g -O2   conftest.c  >&5
In file included from conftest.c:49:
./ct-mmap.inc:97:5: error: implicitly declaring library function 'exit' with type 'void (int) __attribute__((noreturn))' [-Werror,-Wimplicit-function-declaration]
    perror_exit("test 0 mmap", 2);
    ^
./ct-mmap.inc:59:21: note: expanded from macro 'perror_exit'
  do { perror(str); exit(val); } while (0)
                    ^
./ct-mmap.inc:97:5: note: include the header <stdlib.h> or explicitly provide a declaration for 'exit'
./ct-mmap.inc:59:21: note: expanded from macro 'perror_exit'
  do { perror(str); exit(val); } while (0)
                    ^
./ct-mmap.inc:228:8: error: implicit declaration of function 'getpagesize' is invalid in C99 [-Werror,-Wimplicit-function-declaration]
  pg = getpagesize ();
       ^
2 errors generated.
ERROR:root:compiler frontend failed to generate LLVM bitcode, halting
configure:4990: $? = 1
configure: program exited with status 1
configure: failed program was:
| /* confdefs.h */
| #define PACKAGE_NAME ""
| #define PACKAGE_TARNAME ""
| #define PACKAGE_VERSION ""
| #define PACKAGE_STRING ""
| #define PACKAGE_BUGREPORT ""
| #define PACKAGE_URL ""
| #define SIZEOF_SHORT 2
| #define SIZEOF_INT 4
| #define SIZEOF_LONG 4
| #define TIME_WITH_SYS_TIME 1
| #define STRING_WITH_STRINGS 1
| #define HAVE_SYS_WAIT_H 1
| #define HAVE_SYS_TYPES_H 1
| #define HAVE_SYS_STAT_H 1
| #define HAVE_STDLIB_H 1
| #define HAVE_STRING_H 1
| #define HAVE_MEMORY_H 1
| #define HAVE_STRINGS_H 1
| #define HAVE_INTTYPES_H 1
| #define HAVE_STDINT_H 1
| #define HAVE_UNISTD_H 1
| #define HAVE_LIMITS_H 1
| #define HAVE_STDDEF_H 1
| #define HAVE_STRING_H 1
| #define HAVE_STRINGS_H 1
| #define HAVE_STDLIB_H 1
| #define HAVE_TIME_H 1
| #define HAVE_FCNTL_H 1
| #define HAVE_UNISTD_H 1
| #define HAVE_SYS_FILE_H 1
| #define HAVE_SYS_TIME_H 1
| #define HAVE_SYS_RESOURCE_H 1
| #define HAVE_SYS_PARAM_H 1
| #define HAVE_SYS_TIMES_H 1
| #define HAVE_SYS_STAT_H 1
| #define HAVE_MALLOC_H 1
| #define HAVE_LANGINFO_H 1
| #define HAVE_STRINGIZE 1
| #define HAVE_INTTYPES_H 1
| #define HAVE_TIMES 1
| #define HAVE_CLOCK 1
| #define HAVE_STRCHR 1
| #define HAVE_STRRCHR 1
| #define HAVE_LSTAT 1
| #define HAVE_GETPAGESIZE 1
| /* end confdefs.h.  */
| #define USE_MAP_ANON
| #include "ct-mmap.inc"
configure:5004: result: no
configure:5013: checking for working mmap of a file
configure:5065: emcc -o conftest -g -O2   conftest.c  >&5
conftest.c:65:5: error: implicitly declaring library function 'exit' with type 'void (int) __attribute__((noreturn))' [-Werror,-Wimplicit-function-declaration]
    exit(1);
    ^
conftest.c:65:5: note: include the header <stdlib.h> or explicitly provide a declaration for 'exit'
1 error generated.
ERROR:root:compiler frontend failed to generate LLVM bitcode, halting
configure:5065: $? = 1
configure: program exited with status 1
configure: failed program was:
| /* confdefs.h */
| #define PACKAGE_NAME ""
| #define PACKAGE_TARNAME ""
| #define PACKAGE_VERSION ""
| #define PACKAGE_STRING ""
| #define PACKAGE_BUGREPORT ""
| #define PACKAGE_URL ""
| #define SIZEOF_SHORT 2
| #define SIZEOF_INT 4
| #define SIZEOF_LONG 4
| #define TIME_WITH_SYS_TIME 1
| #define STRING_WITH_STRINGS 1
| #define HAVE_SYS_WAIT_H 1
| #define HAVE_SYS_TYPES_H 1
| #define HAVE_SYS_STAT_H 1
| #define HAVE_STDLIB_H 1
| #define HAVE_STRING_H 1
| #define HAVE_MEMORY_H 1
| #define HAVE_STRINGS_H 1
| #define HAVE_INTTYPES_H 1
| #define HAVE_STDINT_H 1
| #define HAVE_UNISTD_H 1
| #define HAVE_LIMITS_H 1
| #define HAVE_STDDEF_H 1
| #define HAVE_STRING_H 1
| #define HAVE_STRINGS_H 1
| #define HAVE_STDLIB_H 1
| #define HAVE_TIME_H 1
| #define HAVE_FCNTL_H 1
| #define HAVE_UNISTD_H 1
| #define HAVE_SYS_FILE_H 1
| #define HAVE_SYS_TIME_H 1
| #define HAVE_SYS_RESOURCE_H 1
| #define HAVE_SYS_PARAM_H 1
| #define HAVE_SYS_TIMES_H 1
| #define HAVE_SYS_STAT_H 1
| #define HAVE_MALLOC_H 1
| #define HAVE_LANGINFO_H 1
| #define HAVE_STRINGIZE 1
| #define HAVE_INTTYPES_H 1
| #define HAVE_TIMES 1
| #define HAVE_CLOCK 1
| #define HAVE_STRCHR 1
| #define HAVE_STRRCHR 1
| #define HAVE_LSTAT 1
| #define HAVE_GETPAGESIZE 1
| /* end confdefs.h.  */
| 
| /* Test by Zack Weinberg.  Modified from MMAP_ANYWHERE test by
|    Richard Henderson and Alexandre Oliva.
|    Check whether read-only mmap of a plain file works. */
| #include <sys/types.h>
| #include <sys/stat.h>
| #include <fcntl.h>
| #include <sys/mman.h>
| 
| int main()
| {
|   char *x;
|   int fd;
|   struct stat st;
| 
|   fd = open("conftestdata18056", O_RDONLY);
|   if (fd < 0)
|     exit(1);
| 
|   if (fstat (fd, &st))
|     exit(2);
| 
|   x = (char*)mmap(0, st.st_size, PROT_READ, MAP_PRIVATE, fd, 0);
|   if (x == (char *) -1)
|     exit(3);
| 
|   if (x[0] != '1' || x[1] != ' ' || x[2] != '1' || x[3] != ' ')
|     exit(4);
| 
|   if (munmap(x, st.st_size) < 0)
|     exit(5);
| 
|   exit(0);
| }
configure:5075: result: no
configure:5091: checking whether getenv is declared
configure:5114: emcc -c -g -O2 -I. -I./../include  conftest.c >&5
In file included from conftest.c:52:
./system.h:67:10: fatal error: 'safe-ctype.h' file not found
#include <safe-ctype.h>
         ^~~~~~~~~~~~~~
1 error generated.
ERROR:root:compiler frontend failed to generate LLVM bitcode, halting
configure:5114: $? = 1
configure: failed program was:
| /* confdefs.h */
| #define PACKAGE_NAME ""
| #define PACKAGE_TARNAME ""
| #define PACKAGE_VERSION ""
| #define PACKAGE_STRING ""
| #define PACKAGE_BUGREPORT ""
| #define PACKAGE_URL ""
| #define SIZEOF_SHORT 2
| #define SIZEOF_INT 4
| #define SIZEOF_LONG 4
| #define TIME_WITH_SYS_TIME 1
| #define STRING_WITH_STRINGS 1
| #define HAVE_SYS_WAIT_H 1
| #define HAVE_SYS_TYPES_H 1
| #define HAVE_SYS_STAT_H 1
| #define HAVE_STDLIB_H 1
| #define HAVE_STRING_H 1
| #define HAVE_MEMORY_H 1
| #define HAVE_STRINGS_H 1
| #define HAVE_INTTYPES_H 1
| #define HAVE_STDINT_H 1
| #define HAVE_UNISTD_H 1
| #define HAVE_LIMITS_H 1
| #define HAVE_STDDEF_H 1
| #define HAVE_STRING_H 1
| #define HAVE_STRINGS_H 1
| #define HAVE_STDLIB_H 1
| #define HAVE_TIME_H 1
| #define HAVE_FCNTL_H 1
| #define HAVE_UNISTD_H 1
| #define HAVE_SYS_FILE_H 1
| #define HAVE_SYS_TIME_H 1
| #define HAVE_SYS_RESOURCE_H 1
| #define HAVE_SYS_PARAM_H 1
| #define HAVE_SYS_TIMES_H 1
| #define HAVE_SYS_STAT_H 1
| #define HAVE_MALLOC_H 1
| #define HAVE_LANGINFO_H 1
| #define HAVE_STRINGIZE 1
| #define HAVE_INTTYPES_H 1
| #define HAVE_TIMES 1
| #define HAVE_CLOCK 1
| #define HAVE_STRCHR 1
| #define HAVE_STRRCHR 1
| #define HAVE_LSTAT 1
| #define HAVE_GETPAGESIZE 1
| /* end confdefs.h.  */
| #undef HAVE_DECL_GETENV
| #define HAVE_DECL_GETENV 1
| 
| #include "ansidecl.h"
| #include "system.h"
| 
| int
| main ()
| {
| #ifndef getenv
| char *(*pfn) = (char *(*)) getenv ;
| #endif
|   ;
|   return 0;
| }
configure:5129: result: no
configure:5091: checking whether abort is declared
configure:5114: emcc -c -g -O2 -I. -I./../include  conftest.c >&5
In file included from conftest.c:53:
./system.h:67:10: fatal error: 'safe-ctype.h' file not found
#include <safe-ctype.h>
         ^~~~~~~~~~~~~~
1 error generated.
ERROR:root:compiler frontend failed to generate LLVM bitcode, halting
configure:5114: $? = 1
configure: failed program was:
| /* confdefs.h */
| #define PACKAGE_NAME ""
| #define PACKAGE_TARNAME ""
| #define PACKAGE_VERSION ""
| #define PACKAGE_STRING ""
| #define PACKAGE_BUGREPORT ""
| #define PACKAGE_URL ""
| #define SIZEOF_SHORT 2
| #define SIZEOF_INT 4
| #define SIZEOF_LONG 4
| #define TIME_WITH_SYS_TIME 1
| #define STRING_WITH_STRINGS 1
| #define HAVE_SYS_WAIT_H 1
| #define HAVE_SYS_TYPES_H 1
| #define HAVE_SYS_STAT_H 1
| #define HAVE_STDLIB_H 1
| #define HAVE_STRING_H 1
| #define HAVE_MEMORY_H 1
| #define HAVE_STRINGS_H 1
| #define HAVE_INTTYPES_H 1
| #define HAVE_STDINT_H 1
| #define HAVE_UNISTD_H 1
| #define HAVE_LIMITS_H 1
| #define HAVE_STDDEF_H 1
| #define HAVE_STRING_H 1
| #define HAVE_STRINGS_H 1
| #define HAVE_STDLIB_H 1
| #define HAVE_TIME_H 1
| #define HAVE_FCNTL_H 1
| #define HAVE_UNISTD_H 1
| #define HAVE_SYS_FILE_H 1
| #define HAVE_SYS_TIME_H 1
| #define HAVE_SYS_RESOURCE_H 1
| #define HAVE_SYS_PARAM_H 1
| #define HAVE_SYS_TIMES_H 1
| #define HAVE_SYS_STAT_H 1
| #define HAVE_MALLOC_H 1
| #define HAVE_LANGINFO_H 1
| #define HAVE_STRINGIZE 1
| #define HAVE_INTTYPES_H 1
| #define HAVE_TIMES 1
| #define HAVE_CLOCK 1
| #define HAVE_STRCHR 1
| #define HAVE_STRRCHR 1
| #define HAVE_LSTAT 1
| #define HAVE_GETPAGESIZE 1
| #define HAVE_DECL_GETENV 0
| /* end confdefs.h.  */
| #undef HAVE_DECL_ABORT
| #define HAVE_DECL_ABORT 1
| 
| #include "ansidecl.h"
| #include "system.h"
| 
| int
| main ()
| {
| #ifndef abort
| char *(*pfn) = (char *(*)) abort ;
| #endif
|   ;
|   return 0;
| }
configure:5129: result: no
configure:5091: checking whether errno is declared
configure:5114: emcc -c -g -O2 -I. -I./../include  conftest.c >&5
In file included from conftest.c:54:
./system.h:67:10: fatal error: 'safe-ctype.h' file not found
#include <safe-ctype.h>
         ^~~~~~~~~~~~~~
1 error generated.
ERROR:root:compiler frontend failed to generate LLVM bitcode, halting
configure:5114: $? = 1
configure: failed program was:
| /* confdefs.h */
| #define PACKAGE_NAME ""
| #define PACKAGE_TARNAME ""
| #define PACKAGE_VERSION ""
| #define PACKAGE_STRING ""
| #define PACKAGE_BUGREPORT ""
| #define PACKAGE_URL ""
| #define SIZEOF_SHORT 2
| #define SIZEOF_INT 4
| #define SIZEOF_LONG 4
| #define TIME_WITH_SYS_TIME 1
| #define STRING_WITH_STRINGS 1
| #define HAVE_SYS_WAIT_H 1
| #define HAVE_SYS_TYPES_H 1
| #define HAVE_SYS_STAT_H 1
| #define HAVE_STDLIB_H 1
| #define HAVE_STRING_H 1
| #define HAVE_MEMORY_H 1
| #define HAVE_STRINGS_H 1
| #define HAVE_INTTYPES_H 1
| #define HAVE_STDINT_H 1
| #define HAVE_UNISTD_H 1
| #define HAVE_LIMITS_H 1
| #define HAVE_STDDEF_H 1
| #define HAVE_STRING_H 1
| #define HAVE_STRINGS_H 1
| #define HAVE_STDLIB_H 1
| #define HAVE_TIME_H 1
| #define HAVE_FCNTL_H 1
| #define HAVE_UNISTD_H 1
| #define HAVE_SYS_FILE_H 1
| #define HAVE_SYS_TIME_H 1
| #define HAVE_SYS_RESOURCE_H 1
| #define HAVE_SYS_PARAM_H 1
| #define HAVE_SYS_TIMES_H 1
| #define HAVE_SYS_STAT_H 1
| #define HAVE_MALLOC_H 1
| #define HAVE_LANGINFO_H 1
| #define HAVE_STRINGIZE 1
| #define HAVE_INTTYPES_H 1
| #define HAVE_TIMES 1
| #define HAVE_CLOCK 1
| #define HAVE_STRCHR 1
| #define HAVE_STRRCHR 1
| #define HAVE_LSTAT 1
| #define HAVE_GETPAGESIZE 1
| #define HAVE_DECL_GETENV 0
| #define HAVE_DECL_ABORT 0
| /* end confdefs.h.  */
| #undef HAVE_DECL_ERRNO
| #define HAVE_DECL_ERRNO 1
| 
| #include "ansidecl.h"
| #include "system.h"
| 
| int
| main ()
| {
| #ifndef errno
| char *(*pfn) = (char *(*)) errno ;
| #endif
|   ;
|   return 0;
| }
configure:5129: result: no
configure:5091: checking whether malloc is declared
configure:5114: emcc -c -g -O2 -I. -I./../include  conftest.c >&5
In file included from conftest.c:55:
./system.h:67:10: fatal error: 'safe-ctype.h' file not found
#include <safe-ctype.h>
         ^~~~~~~~~~~~~~
1 error generated.
ERROR:root:compiler frontend failed to generate LLVM bitcode, halting
configure:5114: $? = 1
configure: failed program was:
| /* confdefs.h */
| #define PACKAGE_NAME ""
| #define PACKAGE_TARNAME ""
| #define PACKAGE_VERSION ""
| #define PACKAGE_STRING ""
| #define PACKAGE_BUGREPORT ""
| #define PACKAGE_URL ""
| #define SIZEOF_SHORT 2
| #define SIZEOF_INT 4
| #define SIZEOF_LONG 4
| #define TIME_WITH_SYS_TIME 1
| #define STRING_WITH_STRINGS 1
| #define HAVE_SYS_WAIT_H 1
| #define HAVE_SYS_TYPES_H 1
| #define HAVE_SYS_STAT_H 1
| #define HAVE_STDLIB_H 1
| #define HAVE_STRING_H 1
| #define HAVE_MEMORY_H 1
| #define HAVE_STRINGS_H 1
| #define HAVE_INTTYPES_H 1
| #define HAVE_STDINT_H 1
| #define HAVE_UNISTD_H 1
| #define HAVE_LIMITS_H 1
| #define HAVE_STDDEF_H 1
| #define HAVE_STRING_H 1
| #define HAVE_STRINGS_H 1
| #define HAVE_STDLIB_H 1
| #define HAVE_TIME_H 1
| #define HAVE_FCNTL_H 1
| #define HAVE_UNISTD_H 1
| #define HAVE_SYS_FILE_H 1
| #define HAVE_SYS_TIME_H 1
| #define HAVE_SYS_RESOURCE_H 1
| #define HAVE_SYS_PARAM_H 1
| #define HAVE_SYS_TIMES_H 1
| #define HAVE_SYS_STAT_H 1
| #define HAVE_MALLOC_H 1
| #define HAVE_LANGINFO_H 1
| #define HAVE_STRINGIZE 1
| #define HAVE_INTTYPES_H 1
| #define HAVE_TIMES 1
| #define HAVE_CLOCK 1
| #define HAVE_STRCHR 1
| #define HAVE_STRRCHR 1
| #define HAVE_LSTAT 1
| #define HAVE_GETPAGESIZE 1
| #define HAVE_DECL_GETENV 0
| #define HAVE_DECL_ABORT 0
| #define HAVE_DECL_ERRNO 0
| /* end confdefs.h.  */
| #undef HAVE_DECL_MALLOC
| #define HAVE_DECL_MALLOC 1
| 
| #include "ansidecl.h"
| #include "system.h"
| 
| int
| main ()
| {
| #ifndef malloc
| char *(*pfn) = (char *(*)) malloc ;
| #endif
|   ;
|   return 0;
| }
configure:5129: result: no
configure:5091: checking whether realloc is declared
configure:5114: emcc -c -g -O2 -I. -I./../include  conftest.c >&5
In file included from conftest.c:56:
./system.h:67:10: fatal error: 'safe-ctype.h' file not found
#include <safe-ctype.h>
         ^~~~~~~~~~~~~~
1 error generated.
ERROR:root:compiler frontend failed to generate LLVM bitcode, halting
configure:5114: $? = 1
configure: failed program was:
| /* confdefs.h */
| #define PACKAGE_NAME ""
| #define PACKAGE_TARNAME ""
| #define PACKAGE_VERSION ""
| #define PACKAGE_STRING ""
| #define PACKAGE_BUGREPORT ""
| #define PACKAGE_URL ""
| #define SIZEOF_SHORT 2
| #define SIZEOF_INT 4
| #define SIZEOF_LONG 4
| #define TIME_WITH_SYS_TIME 1
| #define STRING_WITH_STRINGS 1
| #define HAVE_SYS_WAIT_H 1
| #define HAVE_SYS_TYPES_H 1
| #define HAVE_SYS_STAT_H 1
| #define HAVE_STDLIB_H 1
| #define HAVE_STRING_H 1
| #define HAVE_MEMORY_H 1
| #define HAVE_STRINGS_H 1
| #define HAVE_INTTYPES_H 1
| #define HAVE_STDINT_H 1
| #define HAVE_UNISTD_H 1
| #define HAVE_LIMITS_H 1
| #define HAVE_STDDEF_H 1
| #define HAVE_STRING_H 1
| #define HAVE_STRINGS_H 1
| #define HAVE_STDLIB_H 1
| #define HAVE_TIME_H 1
| #define HAVE_FCNTL_H 1
| #define HAVE_UNISTD_H 1
| #define HAVE_SYS_FILE_H 1
| #define HAVE_SYS_TIME_H 1
| #define HAVE_SYS_RESOURCE_H 1
| #define HAVE_SYS_PARAM_H 1
| #define HAVE_SYS_TIMES_H 1
| #define HAVE_SYS_STAT_H 1
| #define HAVE_MALLOC_H 1
| #define HAVE_LANGINFO_H 1
| #define HAVE_STRINGIZE 1
| #define HAVE_INTTYPES_H 1
| #define HAVE_TIMES 1
| #define HAVE_CLOCK 1
| #define HAVE_STRCHR 1
| #define HAVE_STRRCHR 1
| #define HAVE_LSTAT 1
| #define HAVE_GETPAGESIZE 1
| #define HAVE_DECL_GETENV 0
| #define HAVE_DECL_ABORT 0
| #define HAVE_DECL_ERRNO 0
| #define HAVE_DECL_MALLOC 0
| /* end confdefs.h.  */
| #undef HAVE_DECL_REALLOC
| #define HAVE_DECL_REALLOC 1
| 
| #include "ansidecl.h"
| #include "system.h"
| 
| int
| main ()
| {
| #ifndef realloc
| char *(*pfn) = (char *(*)) realloc ;
| #endif
|   ;
|   return 0;
| }
configure:5129: result: no
configure:5091: checking whether calloc is declared
configure:5114: emcc -c -g -O2 -I. -I./../include  conftest.c >&5
In file included from conftest.c:57:
./system.h:67:10: fatal error: 'safe-ctype.h' file not found
#include <safe-ctype.h>
         ^~~~~~~~~~~~~~
1 error generated.
ERROR:root:compiler frontend failed to generate LLVM bitcode, halting
configure:5114: $? = 1
configure: failed program was:
| /* confdefs.h */
| #define PACKAGE_NAME ""
| #define PACKAGE_TARNAME ""
| #define PACKAGE_VERSION ""
| #define PACKAGE_STRING ""
| #define PACKAGE_BUGREPORT ""
| #define PACKAGE_URL ""
| #define SIZEOF_SHORT 2
| #define SIZEOF_INT 4
| #define SIZEOF_LONG 4
| #define TIME_WITH_SYS_TIME 1
| #define STRING_WITH_STRINGS 1
| #define HAVE_SYS_WAIT_H 1
| #define HAVE_SYS_TYPES_H 1
| #define HAVE_SYS_STAT_H 1
| #define HAVE_STDLIB_H 1
| #define HAVE_STRING_H 1
| #define HAVE_MEMORY_H 1
| #define HAVE_STRINGS_H 1
| #define HAVE_INTTYPES_H 1
| #define HAVE_STDINT_H 1
| #define HAVE_UNISTD_H 1
| #define HAVE_LIMITS_H 1
| #define HAVE_STDDEF_H 1
| #define HAVE_STRING_H 1
| #define HAVE_STRINGS_H 1
| #define HAVE_STDLIB_H 1
| #define HAVE_TIME_H 1
| #define HAVE_FCNTL_H 1
| #define HAVE_UNISTD_H 1
| #define HAVE_SYS_FILE_H 1
| #define HAVE_SYS_TIME_H 1
| #define HAVE_SYS_RESOURCE_H 1
| #define HAVE_SYS_PARAM_H 1
| #define HAVE_SYS_TIMES_H 1
| #define HAVE_SYS_STAT_H 1
| #define HAVE_MALLOC_H 1
| #define HAVE_LANGINFO_H 1
| #define HAVE_STRINGIZE 1
| #define HAVE_INTTYPES_H 1
| #define HAVE_TIMES 1
| #define HAVE_CLOCK 1
| #define HAVE_STRCHR 1
| #define HAVE_STRRCHR 1
| #define HAVE_LSTAT 1
| #define HAVE_GETPAGESIZE 1
| #define HAVE_DECL_GETENV 0
| #define HAVE_DECL_ABORT 0
| #define HAVE_DECL_ERRNO 0
| #define HAVE_DECL_MALLOC 0
| #define HAVE_DECL_REALLOC 0
| /* end confdefs.h.  */
| #undef HAVE_DECL_CALLOC
| #define HAVE_DECL_CALLOC 1
| 
| #include "ansidecl.h"
| #include "system.h"
| 
| int
| main ()
| {
| #ifndef calloc
| char *(*pfn) = (char *(*)) calloc ;
| #endif
|   ;
|   return 0;
| }
configure:5129: result: no
configure:5091: checking whether free is declared
configure:5114: emcc -c -g -O2 -I. -I./../include  conftest.c >&5
In file included from conftest.c:58:
./system.h:67:10: fatal error: 'safe-ctype.h' file not found
#include <safe-ctype.h>
         ^~~~~~~~~~~~~~
1 error generated.
ERROR:root:compiler frontend failed to generate LLVM bitcode, halting
configure:5114: $? = 1
configure: failed program was:
| /* confdefs.h */
| #define PACKAGE_NAME ""
| #define PACKAGE_TARNAME ""
| #define PACKAGE_VERSION ""
| #define PACKAGE_STRING ""
| #define PACKAGE_BUGREPORT ""
| #define PACKAGE_URL ""
| #define SIZEOF_SHORT 2
| #define SIZEOF_INT 4
| #define SIZEOF_LONG 4
| #define TIME_WITH_SYS_TIME 1
| #define STRING_WITH_STRINGS 1
| #define HAVE_SYS_WAIT_H 1
| #define HAVE_SYS_TYPES_H 1
| #define HAVE_SYS_STAT_H 1
| #define HAVE_STDLIB_H 1
| #define HAVE_STRING_H 1
| #define HAVE_MEMORY_H 1
| #define HAVE_STRINGS_H 1
| #define HAVE_INTTYPES_H 1
| #define HAVE_STDINT_H 1
| #define HAVE_UNISTD_H 1
| #define HAVE_LIMITS_H 1
| #define HAVE_STDDEF_H 1
| #define HAVE_STRING_H 1
| #define HAVE_STRINGS_H 1
| #define HAVE_STDLIB_H 1
| #define HAVE_TIME_H 1
| #define HAVE_FCNTL_H 1
| #define HAVE_UNISTD_H 1
| #define HAVE_SYS_FILE_H 1
| #define HAVE_SYS_TIME_H 1
| #define HAVE_SYS_RESOURCE_H 1
| #define HAVE_SYS_PARAM_H 1
| #define HAVE_SYS_TIMES_H 1
| #define HAVE_SYS_STAT_H 1
| #define HAVE_MALLOC_H 1
| #define HAVE_LANGINFO_H 1
| #define HAVE_STRINGIZE 1
| #define HAVE_INTTYPES_H 1
| #define HAVE_TIMES 1
| #define HAVE_CLOCK 1
| #define HAVE_STRCHR 1
| #define HAVE_STRRCHR 1
| #define HAVE_LSTAT 1
| #define HAVE_GETPAGESIZE 1
| #define HAVE_DECL_GETENV 0
| #define HAVE_DECL_ABORT 0
| #define HAVE_DECL_ERRNO 0
| #define HAVE_DECL_MALLOC 0
| #define HAVE_DECL_REALLOC 0
| #define HAVE_DECL_CALLOC 0
| /* end confdefs.h.  */
| #undef HAVE_DECL_FREE
| #define HAVE_DECL_FREE 1
| 
| #include "ansidecl.h"
| #include "system.h"
| 
| int
| main ()
| {
| #ifndef free
| char *(*pfn) = (char *(*)) free ;
| #endif
|   ;
|   return 0;
| }
configure:5129: result: no
configure:5091: checking whether getopt is declared
configure:5114: emcc -c -g -O2 -I. -I./../include  conftest.c >&5
In file included from conftest.c:59:
./system.h:67:10: fatal error: 'safe-ctype.h' file not found
#include <safe-ctype.h>
         ^~~~~~~~~~~~~~
1 error generated.
ERROR:root:compiler frontend failed to generate LLVM bitcode, halting
configure:5114: $? = 1
configure: failed program was:
| /* confdefs.h */
| #define PACKAGE_NAME ""
| #define PACKAGE_TARNAME ""
| #define PACKAGE_VERSION ""
| #define PACKAGE_STRING ""
| #define PACKAGE_BUGREPORT ""
| #define PACKAGE_URL ""
| #define SIZEOF_SHORT 2
| #define SIZEOF_INT 4
| #define SIZEOF_LONG 4
| #define TIME_WITH_SYS_TIME 1
| #define STRING_WITH_STRINGS 1
| #define HAVE_SYS_WAIT_H 1
| #define HAVE_SYS_TYPES_H 1
| #define HAVE_SYS_STAT_H 1
| #define HAVE_STDLIB_H 1
| #define HAVE_STRING_H 1
| #define HAVE_MEMORY_H 1
| #define HAVE_STRINGS_H 1
| #define HAVE_INTTYPES_H 1
| #define HAVE_STDINT_H 1
| #define HAVE_UNISTD_H 1
| #define HAVE_LIMITS_H 1
| #define HAVE_STDDEF_H 1
| #define HAVE_STRING_H 1
| #define HAVE_STRINGS_H 1
| #define HAVE_STDLIB_H 1
| #define HAVE_TIME_H 1
| #define HAVE_FCNTL_H 1
| #define HAVE_UNISTD_H 1
| #define HAVE_SYS_FILE_H 1
| #define HAVE_SYS_TIME_H 1
| #define HAVE_SYS_RESOURCE_H 1
| #define HAVE_SYS_PARAM_H 1
| #define HAVE_SYS_TIMES_H 1
| #define HAVE_SYS_STAT_H 1
| #define HAVE_MALLOC_H 1
| #define HAVE_LANGINFO_H 1
| #define HAVE_STRINGIZE 1
| #define HAVE_INTTYPES_H 1
| #define HAVE_TIMES 1
| #define HAVE_CLOCK 1
| #define HAVE_STRCHR 1
| #define HAVE_STRRCHR 1
| #define HAVE_LSTAT 1
| #define HAVE_GETPAGESIZE 1
| #define HAVE_DECL_GETENV 0
| #define HAVE_DECL_ABORT 0
| #define HAVE_DECL_ERRNO 0
| #define HAVE_DECL_MALLOC 0
| #define HAVE_DECL_REALLOC 0
| #define HAVE_DECL_CALLOC 0
| #define HAVE_DECL_FREE 0
| /* end confdefs.h.  */
| #undef HAVE_DECL_GETOPT
| #define HAVE_DECL_GETOPT 1
| 
| #include "ansidecl.h"
| #include "system.h"
| 
| int
| main ()
| {
| #ifndef getopt
| char *(*pfn) = (char *(*)) getopt ;
| #endif
|   ;
|   return 0;
| }
configure:5129: result: no
configure:5091: checking whether clock is declared
configure:5114: emcc -c -g -O2 -I. -I./../include  conftest.c >&5
In file included from conftest.c:60:
./system.h:67:10: fatal error: 'safe-ctype.h' file not found
#include <safe-ctype.h>
         ^~~~~~~~~~~~~~
1 error generated.
ERROR:root:compiler frontend failed to generate LLVM bitcode, halting
configure:5114: $? = 1
configure: failed program was:
| /* confdefs.h */
| #define PACKAGE_NAME ""
| #define PACKAGE_TARNAME ""
| #define PACKAGE_VERSION ""
| #define PACKAGE_STRING ""
| #define PACKAGE_BUGREPORT ""
| #define PACKAGE_URL ""
| #define SIZEOF_SHORT 2
| #define SIZEOF_INT 4
| #define SIZEOF_LONG 4
| #define TIME_WITH_SYS_TIME 1
| #define STRING_WITH_STRINGS 1
| #define HAVE_SYS_WAIT_H 1
| #define HAVE_SYS_TYPES_H 1
| #define HAVE_SYS_STAT_H 1
| #define HAVE_STDLIB_H 1
| #define HAVE_STRING_H 1
| #define HAVE_MEMORY_H 1
| #define HAVE_STRINGS_H 1
| #define HAVE_INTTYPES_H 1
| #define HAVE_STDINT_H 1
| #define HAVE_UNISTD_H 1
| #define HAVE_LIMITS_H 1
| #define HAVE_STDDEF_H 1
| #define HAVE_STRING_H 1
| #define HAVE_STRINGS_H 1
| #define HAVE_STDLIB_H 1
| #define HAVE_TIME_H 1
| #define HAVE_FCNTL_H 1
| #define HAVE_UNISTD_H 1
| #define HAVE_SYS_FILE_H 1
| #define HAVE_SYS_TIME_H 1
| #define HAVE_SYS_RESOURCE_H 1
| #define HAVE_SYS_PARAM_H 1
| #define HAVE_SYS_TIMES_H 1
| #define HAVE_SYS_STAT_H 1
| #define HAVE_MALLOC_H 1
| #define HAVE_LANGINFO_H 1
| #define HAVE_STRINGIZE 1
| #define HAVE_INTTYPES_H 1
| #define HAVE_TIMES 1
| #define HAVE_CLOCK 1
| #define HAVE_STRCHR 1
| #define HAVE_STRRCHR 1
| #define HAVE_LSTAT 1
| #define HAVE_GETPAGESIZE 1
| #define HAVE_DECL_GETENV 0
| #define HAVE_DECL_ABORT 0
| #define HAVE_DECL_ERRNO 0
| #define HAVE_DECL_MALLOC 0
| #define HAVE_DECL_REALLOC 0
| #define HAVE_DECL_CALLOC 0
| #define HAVE_DECL_FREE 0
| #define HAVE_DECL_GETOPT 0
| /* end confdefs.h.  */
| #undef HAVE_DECL_CLOCK
| #define HAVE_DECL_CLOCK 1
| 
| #include "ansidecl.h"
| #include "system.h"
| 
| int
| main ()
| {
| #ifndef clock
| char *(*pfn) = (char *(*)) clock ;
| #endif
|   ;
|   return 0;
| }
configure:5129: result: no
configure:5163: checking whether times is declared
configure:5190: emcc -c -g -O2 -I. -I./../include  conftest.c >&5
In file included from conftest.c:61:
./system.h:67:10: fatal error: 'safe-ctype.h' file not found
#include <safe-ctype.h>
         ^~~~~~~~~~~~~~
1 error generated.
ERROR:root:compiler frontend failed to generate LLVM bitcode, halting
configure:5190: $? = 1
configure: failed program was:
| /* confdefs.h */
| #define PACKAGE_NAME ""
| #define PACKAGE_TARNAME ""
| #define PACKAGE_VERSION ""
| #define PACKAGE_STRING ""
| #define PACKAGE_BUGREPORT ""
| #define PACKAGE_URL ""
| #define SIZEOF_SHORT 2
| #define SIZEOF_INT 4
| #define SIZEOF_LONG 4
| #define TIME_WITH_SYS_TIME 1
| #define STRING_WITH_STRINGS 1
| #define HAVE_SYS_WAIT_H 1
| #define HAVE_SYS_TYPES_H 1
| #define HAVE_SYS_STAT_H 1
| #define HAVE_STDLIB_H 1
| #define HAVE_STRING_H 1
| #define HAVE_MEMORY_H 1
| #define HAVE_STRINGS_H 1
| #define HAVE_INTTYPES_H 1
| #define HAVE_STDINT_H 1
| #define HAVE_UNISTD_H 1
| #define HAVE_LIMITS_H 1
| #define HAVE_STDDEF_H 1
| #define HAVE_STRING_H 1
| #define HAVE_STRINGS_H 1
| #define HAVE_STDLIB_H 1
| #define HAVE_TIME_H 1
| #define HAVE_FCNTL_H 1
| #define HAVE_UNISTD_H 1
| #define HAVE_SYS_FILE_H 1
| #define HAVE_SYS_TIME_H 1
| #define HAVE_SYS_RESOURCE_H 1
| #define HAVE_SYS_PARAM_H 1
| #define HAVE_SYS_TIMES_H 1
| #define HAVE_SYS_STAT_H 1
| #define HAVE_MALLOC_H 1
| #define HAVE_LANGINFO_H 1
| #define HAVE_STRINGIZE 1
| #define HAVE_INTTYPES_H 1
| #define HAVE_TIMES 1
| #define HAVE_CLOCK 1
| #define HAVE_STRCHR 1
| #define HAVE_STRRCHR 1
| #define HAVE_LSTAT 1
| #define HAVE_GETPAGESIZE 1
| #define HAVE_DECL_GETENV 0
| #define HAVE_DECL_ABORT 0
| #define HAVE_DECL_ERRNO 0
| #define HAVE_DECL_MALLOC 0
| #define HAVE_DECL_REALLOC 0
| #define HAVE_DECL_CALLOC 0
| #define HAVE_DECL_FREE 0
| #define HAVE_DECL_GETOPT 0
| #define HAVE_DECL_CLOCK 0
| /* end confdefs.h.  */
| #undef HAVE_DECL_TIMES
| #define HAVE_DECL_TIMES 1
| 
| #include "ansidecl.h"
| #include "system.h"
| #ifdef HAVE_SYS_TIMES_H
| #include <sys/times.h>
| #endif
| 
| 
| int
| main ()
| {
| #ifndef times
| char *(*pfn) = (char *(*)) times ;
| #endif
|   ;
|   return 0;
| }
configure:5205: result: no
configure:5220: checking for struct tms
configure:5243: emcc -c -g -O2 -I. -I./../include  conftest.c >&5
In file included from conftest.c:60:
./system.h:67:10: fatal error: 'safe-ctype.h' file not found
#include <safe-ctype.h>
         ^~~~~~~~~~~~~~
1 error generated.
ERROR:root:compiler frontend failed to generate LLVM bitcode, halting
configure:5243: $? = 1
configure: failed program was:
| /* confdefs.h */
| #define PACKAGE_NAME ""
| #define PACKAGE_TARNAME ""
| #define PACKAGE_VERSION ""
| #define PACKAGE_STRING ""
| #define PACKAGE_BUGREPORT ""
| #define PACKAGE_URL ""
| #define SIZEOF_SHORT 2
| #define SIZEOF_INT 4
| #define SIZEOF_LONG 4
| #define TIME_WITH_SYS_TIME 1
| #define STRING_WITH_STRINGS 1
| #define HAVE_SYS_WAIT_H 1
| #define HAVE_SYS_TYPES_H 1
| #define HAVE_SYS_STAT_H 1
| #define HAVE_STDLIB_H 1
| #define HAVE_STRING_H 1
| #define HAVE_MEMORY_H 1
| #define HAVE_STRINGS_H 1
| #define HAVE_INTTYPES_H 1
| #define HAVE_STDINT_H 1
| #define HAVE_UNISTD_H 1
| #define HAVE_LIMITS_H 1
| #define HAVE_STDDEF_H 1
| #define HAVE_STRING_H 1
| #define HAVE_STRINGS_H 1
| #define HAVE_STDLIB_H 1
| #define HAVE_TIME_H 1
| #define HAVE_FCNTL_H 1
| #define HAVE_UNISTD_H 1
| #define HAVE_SYS_FILE_H 1
| #define HAVE_SYS_TIME_H 1
| #define HAVE_SYS_RESOURCE_H 1
| #define HAVE_SYS_PARAM_H 1
| #define HAVE_SYS_TIMES_H 1
| #define HAVE_SYS_STAT_H 1
| #define HAVE_MALLOC_H 1
| #define HAVE_LANGINFO_H 1
| #define HAVE_STRINGIZE 1
| #define HAVE_INTTYPES_H 1
| #define HAVE_TIMES 1
| #define HAVE_CLOCK 1
| #define HAVE_STRCHR 1
| #define HAVE_STRRCHR 1
| #define HAVE_LSTAT 1
| #define HAVE_GETPAGESIZE 1
| #define HAVE_DECL_GETENV 0
| #define HAVE_DECL_ABORT 0
| #define HAVE_DECL_ERRNO 0
| #define HAVE_DECL_MALLOC 0
| #define HAVE_DECL_REALLOC 0
| #define HAVE_DECL_CALLOC 0
| #define HAVE_DECL_FREE 0
| #define HAVE_DECL_GETOPT 0
| #define HAVE_DECL_CLOCK 0
| #define HAVE_DECL_TIMES 0
| /* end confdefs.h.  */
| 
| #include "ansidecl.h"
| #include "system.h"
| #ifdef HAVE_SYS_TIMES_H
| #include <sys/times.h>
| #endif
| 
| int
| main ()
| {
| struct tms tms;
|   ;
|   return 0;
| }
configure:5250: result: no
configure:5260: checking for clock_t
configure:5280: emcc -c -g -O2 -I. -I./../include  conftest.c >&5
In file included from conftest.c:60:
./system.h:67:10: fatal error: 'safe-ctype.h' file not found
#include <safe-ctype.h>
         ^~~~~~~~~~~~~~
1 error generated.
ERROR:root:compiler frontend failed to generate LLVM bitcode, halting
configure:5280: $? = 1
configure: failed program was:
| /* confdefs.h */
| #define PACKAGE_NAME ""
| #define PACKAGE_TARNAME ""
| #define PACKAGE_VERSION ""
| #define PACKAGE_STRING ""
| #define PACKAGE_BUGREPORT ""
| #define PACKAGE_URL ""
| #define SIZEOF_SHORT 2
| #define SIZEOF_INT 4
| #define SIZEOF_LONG 4
| #define TIME_WITH_SYS_TIME 1
| #define STRING_WITH_STRINGS 1
| #define HAVE_SYS_WAIT_H 1
| #define HAVE_SYS_TYPES_H 1
| #define HAVE_SYS_STAT_H 1
| #define HAVE_STDLIB_H 1
| #define HAVE_STRING_H 1
| #define HAVE_MEMORY_H 1
| #define HAVE_STRINGS_H 1
| #define HAVE_INTTYPES_H 1
| #define HAVE_STDINT_H 1
| #define HAVE_UNISTD_H 1
| #define HAVE_LIMITS_H 1
| #define HAVE_STDDEF_H 1
| #define HAVE_STRING_H 1
| #define HAVE_STRINGS_H 1
| #define HAVE_STDLIB_H 1
| #define HAVE_TIME_H 1
| #define HAVE_FCNTL_H 1
| #define HAVE_UNISTD_H 1
| #define HAVE_SYS_FILE_H 1
| #define HAVE_SYS_TIME_H 1
| #define HAVE_SYS_RESOURCE_H 1
| #define HAVE_SYS_PARAM_H 1
| #define HAVE_SYS_TIMES_H 1
| #define HAVE_SYS_STAT_H 1
| #define HAVE_MALLOC_H 1
| #define HAVE_LANGINFO_H 1
| #define HAVE_STRINGIZE 1
| #define HAVE_INTTYPES_H 1
| #define HAVE_TIMES 1
| #define HAVE_CLOCK 1
| #define HAVE_STRCHR 1
| #define HAVE_STRRCHR 1
| #define HAVE_LSTAT 1
| #define HAVE_GETPAGESIZE 1
| #define HAVE_DECL_GETENV 0
| #define HAVE_DECL_ABORT 0
| #define HAVE_DECL_ERRNO 0
| #define HAVE_DECL_MALLOC 0
| #define HAVE_DECL_REALLOC 0
| #define HAVE_DECL_CALLOC 0
| #define HAVE_DECL_FREE 0
| #define HAVE_DECL_GETOPT 0
| #define HAVE_DECL_CLOCK 0
| #define HAVE_DECL_TIMES 0
| /* end confdefs.h.  */
| 
| #include "ansidecl.h"
| #include "system.h"
| 
| int
| main ()
| {
| clock_t x;
|   ;
|   return 0;
| }
configure:5287: result: no
configure:5299: checking if mkdir takes one argument
configure:5325: emcc -c -g -O2  conftest.c >&5
configure:5325: $? = 0
configure:5332: result: no
configure:5486: checking what assembler to use
configure:5568: result: 
configure:5573: checking what nm to use
configure:5581: result: 
configure:5585: checking whether to enable maintainer-specific portions of Makefiles
configure:5595: result: no
configure:5744: updating cache ../.././config.cache
configure:5793: creating ./config.status

## ---------------------- ##
## Running config.status. ##
## ---------------------- ##

This file was extended by config.status, which was
generated by GNU Autoconf 2.69.  Invocation command line was

  CONFIG_FILES    = 
  CONFIG_HEADERS  = 
  CONFIG_LINKS    = 
  CONFIG_COMMANDS = 
  $ ./config.status 

on UKLDN-C02W813LHTD9.local

config.status:962: creating Makefile
config.status:962: creating auto-host.h
config.status:1151: executing default commands
configure:7047: WARNING: unrecognized options: --disable-mcs51-port, --disable-avr-port, --disable-ds390-port, --disable-pic-port, --disable-i186-port, --disable-tlcs900h-port, --disable-ucsim, --disable-device-lib-build, --disable-packihx

## ---------------- ##
## Cache variables. ##
## ---------------- ##

ac_cv_c_charset=ASCII
ac_cv_c_compile_endian=little-endian
ac_cv_c_compiler_gnu=yes
ac_cv_c_inline=inline
ac_cv_c_stringize=yes
ac_cv_env_CC_set=set
ac_cv_env_CC_value=emcc
ac_cv_env_CFLAGS_set=
ac_cv_env_CFLAGS_value=
ac_cv_env_CPPFLAGS_set=
ac_cv_env_CPPFLAGS_value=
ac_cv_env_CPP_set=
ac_cv_env_CPP_value=
ac_cv_env_LDFLAGS_set=
ac_cv_env_LDFLAGS_value=
ac_cv_env_LIBS_set=
ac_cv_env_LIBS_value=
ac_cv_env_build_alias_set=
ac_cv_env_build_alias_value=
ac_cv_env_host_alias_set=set
ac_cv_env_host_alias_value=ppc-unknown-linux2.2
ac_cv_env_target_alias_set=
ac_cv_env_target_alias_value=
ac_cv_func_clock=yes
ac_cv_func_fgets=yes
ac_cv_func_getpagesize=yes
ac_cv_func_lstat=yes
ac_cv_func_memcpy=yes
ac_cv_func_mmap_anon=no
ac_cv_func_mmap_dev_zero=no
ac_cv_func_mmap_file=no
ac_cv_func_strcat=yes
ac_cv_func_strchr=yes
ac_cv_func_strcmp=yes
ac_cv_func_strcpy=yes
ac_cv_func_strdup=yes
ac_cv_func_strerror=yes
ac_cv_func_strlen=yes
ac_cv_func_strrchr=yes
ac_cv_func_strstr=yes
ac_cv_func_strtok=yes
ac_cv_func_times=yes
ac_cv_func_yylex=no
ac_cv_header_direct_h=no
ac_cv_header_dirent_dirent_h=yes
ac_cv_header_endian_h=yes
ac_cv_header_fcntl_h=yes
ac_cv_header_getopt_h=yes
ac_cv_header_inttypes_h=yes
ac_cv_header_langinfo_h=yes
ac_cv_header_limits_h=yes
ac_cv_header_machine_endian_h=no
ac_cv_header_malloc_h=yes
ac_cv_header_memory_h=yes
ac_cv_header_stdc=no
ac_cv_header_stddef_h=yes
ac_cv_header_stdint_h=yes
ac_cv_header_stdlib_h=yes
ac_cv_header_string_h=yes
ac_cv_header_strings_h=yes
ac_cv_header_sys_file_h=yes
ac_cv_header_sys_isa_defs_h=no
ac_cv_header_sys_param_h=yes
ac_cv_header_sys_resource_h=yes
ac_cv_header_sys_socket_h=yes
ac_cv_header_sys_stat_h=yes
ac_cv_header_sys_time_h=yes
ac_cv_header_sys_times_h=yes
ac_cv_header_sys_types_h=yes
ac_cv_header_sys_wait_h=yes
ac_cv_header_time=yes
ac_cv_header_time_h=yes
ac_cv_header_unistd_h=yes
ac_cv_lib_dir_opendir=yes
ac_cv_lib_fl_yywrap=no
ac_cv_objext=o
ac_cv_path_EGREP='/usr/bin/grep -E'
ac_cv_path_GREP=/usr/bin/grep
ac_cv_path_install='/usr/bin/install -c'
ac_cv_prog_AS=as
ac_cv_prog_AUTOCONF=autoconf
ac_cv_prog_AWK=gawk
ac_cv_prog_CC=emcc
ac_cv_prog_CP=cp
ac_cv_prog_CPP='emcc -E'
ac_cv_prog_CXX=g++
ac_cv_prog_LEX=flex
ac_cv_prog_RANLIB=ranlib
ac_cv_prog_STRIP=strip
ac_cv_prog_YACC='bison -y'
ac_cv_prog_cc_c89=
ac_cv_prog_cc_cross=no
ac_cv_prog_cc_emcc_c_o=yes
ac_cv_prog_cc_g=yes
ac_cv_prog_cc_works=yes
ac_cv_prog_cxx_cross=no
ac_cv_prog_cxx_g=yes
ac_cv_prog_cxx_works=yes
ac_cv_prog_gcc=yes
ac_cv_prog_gxx=yes
ac_cv_prog_have_mktemp_command=yes
ac_cv_prog_make_make_set=yes
ac_cv_search_inet_addr='none required'
ac_cv_search_socket='none required'
ac_cv_sizeof_int=4
ac_cv_sizeof_long=4
ac_cv_sizeof_short=2
ac_cv_struct_tms=no
ac_cv_type_signal=void
ac_cv_type_ssize_t=yes
gcc_cv_as=
gcc_cv_as_gas_srcdir=./gas
gcc_cv_decl_char_bit=yes
gcc_cv_gas_major_version=
gcc_cv_gas_minor_version=
gcc_cv_glibc=no
gcc_cv_have_decl_abort=no
gcc_cv_have_decl_calloc=no
gcc_cv_have_decl_clock=no
gcc_cv_have_decl_errno=no
gcc_cv_have_decl_free=no
gcc_cv_have_decl_getenv=no
gcc_cv_have_decl_getopt=no
gcc_cv_have_decl_malloc=no
gcc_cv_have_decl_realloc=no
gcc_cv_have_decl_times=no
gcc_cv_header_inttypes_h=yes
gcc_cv_header_string=yes
gcc_cv_mkdir_takes_one_arg=no
gcc_cv_prog_LN=ln
gcc_cv_prog_LN_S='ln -s'
gcc_cv_type_clock_t=no
sdcc_cv_CCggdb=no
sdcc_cv_CCpipe=yes
sdcc_cv_MM=-MM
sdcc_cv_fd='<sys/types.h>'
sdcc_cv_version=2.3.1
sdcc_cv_versionhi=2
sdcc_cv_versionlo=3
sdcc_cv_versionp=1

## ----------------- ##
## Output variables. ##
## ----------------- ##

CC='emcc'
CFLAGS='-g -O2'
CPP='emcc -E'
CPPFLAGS=''
DEFS='-DHAVE_CONFIG_H'
ECHO_C='\c'
ECHO_N=''
ECHO_T=''
EGREP='/usr/bin/grep -E'
EXEEXT=''
GREP='/usr/bin/grep'
INSTALL='/usr/bin/install -c'
INSTALL_DATA='${INSTALL} -m 644'
INSTALL_PROGRAM='${INSTALL}'
LDFLAGS=''
LIBOBJS=''
LIBS=''
LN='ln'
LN_S='ln -s'
LTLIBOBJS=''
MAINT='#'
NO_MINUS_C_MINUS_O=''
OBJEXT='o'
OUTPUT_OPTION='-o $@'
PACKAGE='sdcc'
PACKAGE_BUGREPORT=''
PACKAGE_NAME=''
PACKAGE_STRING=''
PACKAGE_TARNAME=''
PACKAGE_URL=''
PACKAGE_VERSION=''
PATH_SEPARATOR=':'
RANLIB='ranlib'
SET_MAKE=''
SHELL='/bin/sh'
STRIP='strip'
VERSION='3.1'
ac_ct_CC=''
all_stagestuff=''
bindir='${exec_prefix}/bin'
build_alias=''
build_canonical=''
build_exeext=''
build_install_headers_dir='install-headers-tar'
build_xm_defines=''
build_xm_file='auto-build.h ansidecl.h  /.h defaults.h'
build_xm_file_list=''
c_target_objs=''
check_languages=''
cross_defines=''
datadir='${datarootdir}'
datarootdir='${prefix}/share'
dep_host_xmake_file=''
dep_tmake_file=''
docdir='${datarootdir}/doc/${PACKAGE}'
dvidir='${docdir}'
exec_prefix='${prefix}'
extra_c_flags=''
extra_headers_list=''
extra_objs=' '
extra_parts=''
extra_passes=''
extra_programs=''
gcc_config_arguments=''
gcc_version='3.1'
gcc_version_full='3.1 20010625 (experimental) + SDCC'
gcc_version_trigger='./version.c'
have_mktemp_command='yes'
host_alias='ppc-unknown-linux2.2'
host_canonical='ppc-unknown-linux2.2'
host_exeext=''
host_extra_gcc_objs=''
htmldir='${docdir}'
includedir='${prefix}/include'
infodir='${datarootdir}/info'
install=''
lang_tree_files=''
libdir='${exec_prefix}/lib'
libexecdir='${exec_prefix}/libexec'
local_prefix='/usr/local'
localedir='${datarootdir}/locale'
localstatedir='${prefix}/var'
mandir='${datarootdir}/man'
manext='.1'
md_file='/.md'
objdir='/Users/cmaltby/Desktop/gbdk-mac/sdcc/support/cpp2'
objext='.o'
oldincludedir='/usr/include'
out_file='/.c'
out_object_file='.c.o'
pdfdir='${docdir}'
prefix='/opt/gbdk'
program_transform_name='s&$$&&'
psdir='${docdir}'
sbindir='${exec_prefix}/sbin'
sharedstatedir='${prefix}/com'
symbolic_link='ln -s'
sysconfdir='${prefix}/etc'
target_alias=''
target_subdir='/'
thread_file=''
warn_cflags='$(GCC_WARN_CFLAGS)'

## ------------------- ##
## File substitutions. ##
## ------------------- ##

build_overrides=''
cross_overrides=''
host_overrides=''
target_overrides=''

## ----------- ##
## confdefs.h. ##
## ----------- ##

/* confdefs.h */
#define PACKAGE_NAME ""
#define PACKAGE_TARNAME ""
#define PACKAGE_VERSION ""
#define PACKAGE_STRING ""
#define PACKAGE_BUGREPORT ""
#define PACKAGE_URL ""
#define SIZEOF_SHORT 2
#define SIZEOF_INT 4
#define SIZEOF_LONG 4
#define TIME_WITH_SYS_TIME 1
#define STRING_WITH_STRINGS 1
#define HAVE_SYS_WAIT_H 1
#define HAVE_SYS_TYPES_H 1
#define HAVE_SYS_STAT_H 1
#define HAVE_STDLIB_H 1
#define HAVE_STRING_H 1
#define HAVE_MEMORY_H 1
#define HAVE_STRINGS_H 1
#define HAVE_INTTYPES_H 1
#define HAVE_STDINT_H 1
#define HAVE_UNISTD_H 1
#define HAVE_LIMITS_H 1
#define HAVE_STDDEF_H 1
#define HAVE_STRING_H 1
#define HAVE_STRINGS_H 1
#define HAVE_STDLIB_H 1
#define HAVE_TIME_H 1
#define HAVE_FCNTL_H 1
#define HAVE_UNISTD_H 1
#define HAVE_SYS_FILE_H 1
#define HAVE_SYS_TIME_H 1
#define HAVE_SYS_RESOURCE_H 1
#define HAVE_SYS_PARAM_H 1
#define HAVE_SYS_TIMES_H 1
#define HAVE_SYS_STAT_H 1
#define HAVE_MALLOC_H 1
#define HAVE_LANGINFO_H 1
#define HAVE_STRINGIZE 1
#define HAVE_INTTYPES_H 1
#define HAVE_TIMES 1
#define HAVE_CLOCK 1
#define HAVE_STRCHR 1
#define HAVE_STRRCHR 1
#define HAVE_LSTAT 1
#define HAVE_GETPAGESIZE 1
#define HAVE_DECL_GETENV 0
#define HAVE_DECL_ABORT 0
#define HAVE_DECL_ERRNO 0
#define HAVE_DECL_MALLOC 0
#define HAVE_DECL_REALLOC 0
#define HAVE_DECL_CALLOC 0
#define HAVE_DECL_FREE 0
#define HAVE_DECL_GETOPT 0
#define HAVE_DECL_CLOCK 0
#define HAVE_DECL_TIMES 0
#define PACKAGE "sdcc"
#define VERSION "3.1"

configure: exit 0
